<?xml version="1.0" encoding="UTF-8"?>
<!-- Generated by org.testng.reporters.JUnitXMLReporter -->
<testsuite hostname="Palaniappans-MacBook-Air-3.local" name="Default test" tests="33" failures="0" timestamp="7 Jan 2021 15:15:36 GMT" time="25.656" errors="0">
  <testcase name="getExcelData" time="0.717" classname="com.test.DataDrivenTest"/>
  <testcase name="getExcelData" time="0.593" classname="com.test.DataDrivenTest"/>
  <testcase name="getExcelData" time="0.749" classname="com.test.DataDrivenTest"/>
  <testcase name="getExcelData" time="0.958" classname="com.test.DataDrivenTest"/>
  <testcase name="getExcelData" time="0.641" classname="com.test.DataDrivenTest"/>
  <testcase name="getExcelData" time="0.607" classname="com.test.DataDrivenTest"/>
  <testcase name="getExcelData" time="0.573" classname="com.test.DataDrivenTest"/>
  <testcase name="getExcelData" time="0.58" classname="com.test.DataDrivenTest"/>
  <testcase name="getExcelData" time="0.609" classname="com.test.DataDrivenTest"/>
  <testcase name="getExcelData" time="0.626" classname="com.test.DataDrivenTest"/>
  <testcase name="getExcelData" time="0.61" classname="com.test.DataDrivenTest"/>
  <testcase name="getExcelData" time="0.602" classname="com.test.DataDrivenTest"/>
  <testcase name="getExcelData" time="0.59" classname="com.test.DataDrivenTest"/>
  <testcase name="getExcelData" time="0.561" classname="com.test.DataDrivenTest"/>
  <testcase name="getExcelData" time="0.556" classname="com.test.DataDrivenTest"/>
  <testcase name="getExcelData" time="0.566" classname="com.test.DataDrivenTest"/>
  <testcase name="getExcelData" time="0.535" classname="com.test.DataDrivenTest"/>
  <testcase name="getExcelData" time="0.54" classname="com.test.DataDrivenTest"/>
  <testcase name="getExcelData" time="0.578" classname="com.test.DataDrivenTest"/>
  <testcase name="getExcelData" time="0.605" classname="com.test.DataDrivenTest"/>
  <testcase name="getExcelData" time="0.54" classname="com.test.DataDrivenTest"/>
  <testcase name="getExcelData" time="0.582" classname="com.test.DataDrivenTest"/>
  <testcase name="getExcelData" time="0.546" classname="com.test.DataDrivenTest"/>
  <testcase name="getExcelData" time="0.583" classname="com.test.DataDrivenTest"/>
  <testcase name="getExcelData" time="0.627" classname="com.test.DataDrivenTest"/>
  <testcase name="getExcelData" time="0.584" classname="com.test.DataDrivenTest"/>
  <testcase name="getExcelData" time="0.579" classname="com.test.DataDrivenTest"/>
  <testcase name="getExcelData" time="0.566" classname="com.test.DataDrivenTest"/>
  <testcase name="getExcelData" time="0.547" classname="com.test.DataDrivenTest"/>
  <testcase name="getExcelData" time="0.599" classname="com.test.DataDrivenTest"/>
  <testcase name="getExcelData" time="0.56" classname="com.test.DataDrivenTest"/>
  <testcase name="getExcelData" time="0.539" classname="com.test.DataDrivenTest"/>
  <testcase name="getExcelData" time="0.53" classname="com.test.DataDrivenTest"/>
</testsuite> <!-- Default test -->
