<?xml version="1.0" encoding="UTF-8"?>
<testng-results skipped="0" failed="0" total="33" passed="33">
  <reporter-output>
  </reporter-output>
  <suite name="Default suite" duration-ms="25656" started-at="2021-01-07T15:15:06Z" finished-at="2021-01-07T15:15:31Z">
    <groups>
    </groups>
    <test name="Default test" duration-ms="25656" started-at="2021-01-07T15:15:06Z" finished-at="2021-01-07T15:15:31Z">
      <class name="com.test.DataDrivenTest">
        <test-method status="PASS" signature="setup()[pri:0, instance:com.test.DataDrivenTest@343f4d3d]" name="setup" is-config="true" duration-ms="4871" started-at="2021-01-07T20:45:06Z" finished-at="2021-01-07T20:45:11Z">
          <reporter-output>
          </reporter-output>
        </test-method> <!-- setup -->
        <test-method status="PASS" signature="getExcelData(java.lang.String, java.lang.String, java.lang.String, java.lang.String)[pri:0, instance:com.test.DataDrivenTest@343f4d3d]" name="getExcelData" duration-ms="717" started-at="2021-01-07T20:45:11Z" data-provider="getdata" finished-at="2021-01-07T20:45:12Z">
          <params>
            <param index="0">
              <value>
                <![CDATA[Jack]]>
              </value>
            </param>
            <param index="1">
              <value>
                <![CDATA[John]]>
              </value>
            </param>
            <param index="2">
              <value>
                <![CDATA[jack.john@gmail.com]]>
              </value>
            </param>
            <param index="3">
              <value>
                <![CDATA[jack1234]]>
              </value>
            </param>
          </params>
          <reporter-output>
          </reporter-output>
        </test-method> <!-- getExcelData -->
        <test-method status="PASS" signature="getExcelData(java.lang.String, java.lang.String, java.lang.String, java.lang.String)[pri:0, instance:com.test.DataDrivenTest@343f4d3d]" name="getExcelData" duration-ms="593" started-at="2021-01-07T20:45:12Z" data-provider="getdata" finished-at="2021-01-07T20:45:13Z">
          <params>
            <param index="0">
              <value>
                <![CDATA[Thomas]]>
              </value>
            </param>
            <param index="1">
              <value>
                <![CDATA[ram]]>
              </value>
            </param>
            <param index="2">
              <value>
                <![CDATA[thomas.ram@gmail.com]]>
              </value>
            </param>
            <param index="3">
              <value>
                <![CDATA[ram@1234]]>
              </value>
            </param>
          </params>
          <reporter-output>
          </reporter-output>
        </test-method> <!-- getExcelData -->
        <test-method status="PASS" signature="getExcelData(java.lang.String, java.lang.String, java.lang.String, java.lang.String)[pri:0, instance:com.test.DataDrivenTest@343f4d3d]" name="getExcelData" duration-ms="749" started-at="2021-01-07T20:45:13Z" data-provider="getdata" finished-at="2021-01-07T20:45:13Z">
          <params>
            <param index="0">
              <value>
                <![CDATA[shiv]]>
              </value>
            </param>
            <param index="1">
              <value>
                <![CDATA[kumar]]>
              </value>
            </param>
            <param index="2">
              <value>
                <![CDATA[shiv.kumar@gmail.com]]>
              </value>
            </param>
            <param index="3">
              <value>
                <![CDATA[shiv@1234]]>
              </value>
            </param>
          </params>
          <reporter-output>
          </reporter-output>
        </test-method> <!-- getExcelData -->
        <test-method status="PASS" signature="getExcelData(java.lang.String, java.lang.String, java.lang.String, java.lang.String)[pri:0, instance:com.test.DataDrivenTest@343f4d3d]" name="getExcelData" duration-ms="958" started-at="2021-01-07T20:45:13Z" data-provider="getdata" finished-at="2021-01-07T20:45:14Z">
          <params>
            <param index="0">
              <value>
                <![CDATA[gopal]]>
              </value>
            </param>
            <param index="1">
              <value>
                <![CDATA[kanna]]>
              </value>
            </param>
            <param index="2">
              <value>
                <![CDATA[kanna.gopal@gmail.com]]>
              </value>
            </param>
            <param index="3">
              <value>
                <![CDATA[gopal@1234]]>
              </value>
            </param>
          </params>
          <reporter-output>
          </reporter-output>
        </test-method> <!-- getExcelData -->
        <test-method status="PASS" signature="getExcelData(java.lang.String, java.lang.String, java.lang.String, java.lang.String)[pri:0, instance:com.test.DataDrivenTest@343f4d3d]" name="getExcelData" duration-ms="641" started-at="2021-01-07T20:45:14Z" data-provider="getdata" finished-at="2021-01-07T20:45:15Z">
          <params>
            <param index="0">
              <value>
                <![CDATA[dhanapal]]>
              </value>
            </param>
            <param index="1">
              <value>
                <![CDATA[sam]]>
              </value>
            </param>
            <param index="2">
              <value>
                <![CDATA[sam.dhan@gmail.com]]>
              </value>
            </param>
            <param index="3">
              <value>
                <![CDATA[sam@1234]]>
              </value>
            </param>
          </params>
          <reporter-output>
          </reporter-output>
        </test-method> <!-- getExcelData -->
        <test-method status="PASS" signature="getExcelData(java.lang.String, java.lang.String, java.lang.String, java.lang.String)[pri:0, instance:com.test.DataDrivenTest@343f4d3d]" name="getExcelData" duration-ms="607" started-at="2021-01-07T20:45:15Z" data-provider="getdata" finished-at="2021-01-07T20:45:16Z">
          <params>
            <param index="0">
              <value>
                <![CDATA[dhanapal]]>
              </value>
            </param>
            <param index="1">
              <value>
                <![CDATA[sam]]>
              </value>
            </param>
            <param index="2">
              <value>
                <![CDATA[sam.dhan@gmail.com]]>
              </value>
            </param>
            <param index="3">
              <value>
                <![CDATA[sam@1235]]>
              </value>
            </param>
          </params>
          <reporter-output>
          </reporter-output>
        </test-method> <!-- getExcelData -->
        <test-method status="PASS" signature="getExcelData(java.lang.String, java.lang.String, java.lang.String, java.lang.String)[pri:0, instance:com.test.DataDrivenTest@343f4d3d]" name="getExcelData" duration-ms="573" started-at="2021-01-07T20:45:16Z" data-provider="getdata" finished-at="2021-01-07T20:45:16Z">
          <params>
            <param index="0">
              <value>
                <![CDATA[dhanapal]]>
              </value>
            </param>
            <param index="1">
              <value>
                <![CDATA[sam]]>
              </value>
            </param>
            <param index="2">
              <value>
                <![CDATA[sam.dhan@gmail.com]]>
              </value>
            </param>
            <param index="3">
              <value>
                <![CDATA[sam@1236]]>
              </value>
            </param>
          </params>
          <reporter-output>
          </reporter-output>
        </test-method> <!-- getExcelData -->
        <test-method status="PASS" signature="getExcelData(java.lang.String, java.lang.String, java.lang.String, java.lang.String)[pri:0, instance:com.test.DataDrivenTest@343f4d3d]" name="getExcelData" duration-ms="580" started-at="2021-01-07T20:45:16Z" data-provider="getdata" finished-at="2021-01-07T20:45:17Z">
          <params>
            <param index="0">
              <value>
                <![CDATA[dhanapal]]>
              </value>
            </param>
            <param index="1">
              <value>
                <![CDATA[sam]]>
              </value>
            </param>
            <param index="2">
              <value>
                <![CDATA[sam.dhan@gmail.com]]>
              </value>
            </param>
            <param index="3">
              <value>
                <![CDATA[sam@1237]]>
              </value>
            </param>
          </params>
          <reporter-output>
          </reporter-output>
        </test-method> <!-- getExcelData -->
        <test-method status="PASS" signature="getExcelData(java.lang.String, java.lang.String, java.lang.String, java.lang.String)[pri:0, instance:com.test.DataDrivenTest@343f4d3d]" name="getExcelData" duration-ms="609" started-at="2021-01-07T20:45:17Z" data-provider="getdata" finished-at="2021-01-07T20:45:17Z">
          <params>
            <param index="0">
              <value>
                <![CDATA[dhanapal]]>
              </value>
            </param>
            <param index="1">
              <value>
                <![CDATA[sam]]>
              </value>
            </param>
            <param index="2">
              <value>
                <![CDATA[sam.dhan@gmail.com]]>
              </value>
            </param>
            <param index="3">
              <value>
                <![CDATA[sam@1238]]>
              </value>
            </param>
          </params>
          <reporter-output>
          </reporter-output>
        </test-method> <!-- getExcelData -->
        <test-method status="PASS" signature="getExcelData(java.lang.String, java.lang.String, java.lang.String, java.lang.String)[pri:0, instance:com.test.DataDrivenTest@343f4d3d]" name="getExcelData" duration-ms="626" started-at="2021-01-07T20:45:17Z" data-provider="getdata" finished-at="2021-01-07T20:45:18Z">
          <params>
            <param index="0">
              <value>
                <![CDATA[dhanapal]]>
              </value>
            </param>
            <param index="1">
              <value>
                <![CDATA[sam]]>
              </value>
            </param>
            <param index="2">
              <value>
                <![CDATA[sam.dhan@gmail.com]]>
              </value>
            </param>
            <param index="3">
              <value>
                <![CDATA[sam@1239]]>
              </value>
            </param>
          </params>
          <reporter-output>
          </reporter-output>
        </test-method> <!-- getExcelData -->
        <test-method status="PASS" signature="getExcelData(java.lang.String, java.lang.String, java.lang.String, java.lang.String)[pri:0, instance:com.test.DataDrivenTest@343f4d3d]" name="getExcelData" duration-ms="610" started-at="2021-01-07T20:45:18Z" data-provider="getdata" finished-at="2021-01-07T20:45:19Z">
          <params>
            <param index="0">
              <value>
                <![CDATA[dhanapal]]>
              </value>
            </param>
            <param index="1">
              <value>
                <![CDATA[sam]]>
              </value>
            </param>
            <param index="2">
              <value>
                <![CDATA[sam.dhan@gmail.com]]>
              </value>
            </param>
            <param index="3">
              <value>
                <![CDATA[sam@1240]]>
              </value>
            </param>
          </params>
          <reporter-output>
          </reporter-output>
        </test-method> <!-- getExcelData -->
        <test-method status="PASS" signature="getExcelData(java.lang.String, java.lang.String, java.lang.String, java.lang.String)[pri:0, instance:com.test.DataDrivenTest@343f4d3d]" name="getExcelData" duration-ms="602" started-at="2021-01-07T20:45:19Z" data-provider="getdata" finished-at="2021-01-07T20:45:19Z">
          <params>
            <param index="0">
              <value>
                <![CDATA[dhanapal]]>
              </value>
            </param>
            <param index="1">
              <value>
                <![CDATA[sam]]>
              </value>
            </param>
            <param index="2">
              <value>
                <![CDATA[sam.dhan@gmail.com]]>
              </value>
            </param>
            <param index="3">
              <value>
                <![CDATA[sam@1241]]>
              </value>
            </param>
          </params>
          <reporter-output>
          </reporter-output>
        </test-method> <!-- getExcelData -->
        <test-method status="PASS" signature="getExcelData(java.lang.String, java.lang.String, java.lang.String, java.lang.String)[pri:0, instance:com.test.DataDrivenTest@343f4d3d]" name="getExcelData" duration-ms="590" started-at="2021-01-07T20:45:19Z" data-provider="getdata" finished-at="2021-01-07T20:45:20Z">
          <params>
            <param index="0">
              <value>
                <![CDATA[dhanapal]]>
              </value>
            </param>
            <param index="1">
              <value>
                <![CDATA[sam]]>
              </value>
            </param>
            <param index="2">
              <value>
                <![CDATA[sam.dhan@gmail.com]]>
              </value>
            </param>
            <param index="3">
              <value>
                <![CDATA[sam@1242]]>
              </value>
            </param>
          </params>
          <reporter-output>
          </reporter-output>
        </test-method> <!-- getExcelData -->
        <test-method status="PASS" signature="getExcelData(java.lang.String, java.lang.String, java.lang.String, java.lang.String)[pri:0, instance:com.test.DataDrivenTest@343f4d3d]" name="getExcelData" duration-ms="561" started-at="2021-01-07T20:45:20Z" data-provider="getdata" finished-at="2021-01-07T20:45:20Z">
          <params>
            <param index="0">
              <value>
                <![CDATA[dhanapal]]>
              </value>
            </param>
            <param index="1">
              <value>
                <![CDATA[sam]]>
              </value>
            </param>
            <param index="2">
              <value>
                <![CDATA[sam.dhan@gmail.com]]>
              </value>
            </param>
            <param index="3">
              <value>
                <![CDATA[sam@1243]]>
              </value>
            </param>
          </params>
          <reporter-output>
          </reporter-output>
        </test-method> <!-- getExcelData -->
        <test-method status="PASS" signature="getExcelData(java.lang.String, java.lang.String, java.lang.String, java.lang.String)[pri:0, instance:com.test.DataDrivenTest@343f4d3d]" name="getExcelData" duration-ms="556" started-at="2021-01-07T20:45:20Z" data-provider="getdata" finished-at="2021-01-07T20:45:21Z">
          <params>
            <param index="0">
              <value>
                <![CDATA[dhanapal]]>
              </value>
            </param>
            <param index="1">
              <value>
                <![CDATA[sam]]>
              </value>
            </param>
            <param index="2">
              <value>
                <![CDATA[sam.dhan@gmail.com]]>
              </value>
            </param>
            <param index="3">
              <value>
                <![CDATA[sam@1244]]>
              </value>
            </param>
          </params>
          <reporter-output>
          </reporter-output>
        </test-method> <!-- getExcelData -->
        <test-method status="PASS" signature="getExcelData(java.lang.String, java.lang.String, java.lang.String, java.lang.String)[pri:0, instance:com.test.DataDrivenTest@343f4d3d]" name="getExcelData" duration-ms="566" started-at="2021-01-07T20:45:21Z" data-provider="getdata" finished-at="2021-01-07T20:45:22Z">
          <params>
            <param index="0">
              <value>
                <![CDATA[dhanapal]]>
              </value>
            </param>
            <param index="1">
              <value>
                <![CDATA[sam]]>
              </value>
            </param>
            <param index="2">
              <value>
                <![CDATA[sam.dhan@gmail.com]]>
              </value>
            </param>
            <param index="3">
              <value>
                <![CDATA[sam@1245]]>
              </value>
            </param>
          </params>
          <reporter-output>
          </reporter-output>
        </test-method> <!-- getExcelData -->
        <test-method status="PASS" signature="getExcelData(java.lang.String, java.lang.String, java.lang.String, java.lang.String)[pri:0, instance:com.test.DataDrivenTest@343f4d3d]" name="getExcelData" duration-ms="535" started-at="2021-01-07T20:45:22Z" data-provider="getdata" finished-at="2021-01-07T20:45:22Z">
          <params>
            <param index="0">
              <value>
                <![CDATA[dhanapal]]>
              </value>
            </param>
            <param index="1">
              <value>
                <![CDATA[sam]]>
              </value>
            </param>
            <param index="2">
              <value>
                <![CDATA[sam.dhan@gmail.com]]>
              </value>
            </param>
            <param index="3">
              <value>
                <![CDATA[sam@1246]]>
              </value>
            </param>
          </params>
          <reporter-output>
          </reporter-output>
        </test-method> <!-- getExcelData -->
        <test-method status="PASS" signature="getExcelData(java.lang.String, java.lang.String, java.lang.String, java.lang.String)[pri:0, instance:com.test.DataDrivenTest@343f4d3d]" name="getExcelData" duration-ms="540" started-at="2021-01-07T20:45:22Z" data-provider="getdata" finished-at="2021-01-07T20:45:23Z">
          <params>
            <param index="0">
              <value>
                <![CDATA[dhanapal]]>
              </value>
            </param>
            <param index="1">
              <value>
                <![CDATA[sam]]>
              </value>
            </param>
            <param index="2">
              <value>
                <![CDATA[sam.dhan@gmail.com]]>
              </value>
            </param>
            <param index="3">
              <value>
                <![CDATA[sam@1247]]>
              </value>
            </param>
          </params>
          <reporter-output>
          </reporter-output>
        </test-method> <!-- getExcelData -->
        <test-method status="PASS" signature="getExcelData(java.lang.String, java.lang.String, java.lang.String, java.lang.String)[pri:0, instance:com.test.DataDrivenTest@343f4d3d]" name="getExcelData" duration-ms="578" started-at="2021-01-07T20:45:23Z" data-provider="getdata" finished-at="2021-01-07T20:45:23Z">
          <params>
            <param index="0">
              <value>
                <![CDATA[dhanapal]]>
              </value>
            </param>
            <param index="1">
              <value>
                <![CDATA[sam]]>
              </value>
            </param>
            <param index="2">
              <value>
                <![CDATA[sam.dhan@gmail.com]]>
              </value>
            </param>
            <param index="3">
              <value>
                <![CDATA[sam@1248]]>
              </value>
            </param>
          </params>
          <reporter-output>
          </reporter-output>
        </test-method> <!-- getExcelData -->
        <test-method status="PASS" signature="getExcelData(java.lang.String, java.lang.String, java.lang.String, java.lang.String)[pri:0, instance:com.test.DataDrivenTest@343f4d3d]" name="getExcelData" duration-ms="605" started-at="2021-01-07T20:45:23Z" data-provider="getdata" finished-at="2021-01-07T20:45:24Z">
          <params>
            <param index="0">
              <value>
                <![CDATA[dhanapal]]>
              </value>
            </param>
            <param index="1">
              <value>
                <![CDATA[sam]]>
              </value>
            </param>
            <param index="2">
              <value>
                <![CDATA[sam.dhan@gmail.com]]>
              </value>
            </param>
            <param index="3">
              <value>
                <![CDATA[sam@1249]]>
              </value>
            </param>
          </params>
          <reporter-output>
          </reporter-output>
        </test-method> <!-- getExcelData -->
        <test-method status="PASS" signature="getExcelData(java.lang.String, java.lang.String, java.lang.String, java.lang.String)[pri:0, instance:com.test.DataDrivenTest@343f4d3d]" name="getExcelData" duration-ms="540" started-at="2021-01-07T20:45:24Z" data-provider="getdata" finished-at="2021-01-07T20:45:24Z">
          <params>
            <param index="0">
              <value>
                <![CDATA[dhanapal]]>
              </value>
            </param>
            <param index="1">
              <value>
                <![CDATA[sam]]>
              </value>
            </param>
            <param index="2">
              <value>
                <![CDATA[sam.dhan@gmail.com]]>
              </value>
            </param>
            <param index="3">
              <value>
                <![CDATA[sam@1250]]>
              </value>
            </param>
          </params>
          <reporter-output>
          </reporter-output>
        </test-method> <!-- getExcelData -->
        <test-method status="PASS" signature="getExcelData(java.lang.String, java.lang.String, java.lang.String, java.lang.String)[pri:0, instance:com.test.DataDrivenTest@343f4d3d]" name="getExcelData" duration-ms="582" started-at="2021-01-07T20:45:24Z" data-provider="getdata" finished-at="2021-01-07T20:45:25Z">
          <params>
            <param index="0">
              <value>
                <![CDATA[dhanapal]]>
              </value>
            </param>
            <param index="1">
              <value>
                <![CDATA[sam]]>
              </value>
            </param>
            <param index="2">
              <value>
                <![CDATA[sam.dhan@gmail.com]]>
              </value>
            </param>
            <param index="3">
              <value>
                <![CDATA[sam@1251]]>
              </value>
            </param>
          </params>
          <reporter-output>
          </reporter-output>
        </test-method> <!-- getExcelData -->
        <test-method status="PASS" signature="getExcelData(java.lang.String, java.lang.String, java.lang.String, java.lang.String)[pri:0, instance:com.test.DataDrivenTest@343f4d3d]" name="getExcelData" duration-ms="546" started-at="2021-01-07T20:45:25Z" data-provider="getdata" finished-at="2021-01-07T20:45:25Z">
          <params>
            <param index="0">
              <value>
                <![CDATA[dhanapal]]>
              </value>
            </param>
            <param index="1">
              <value>
                <![CDATA[sam]]>
              </value>
            </param>
            <param index="2">
              <value>
                <![CDATA[sam.dhan@gmail.com]]>
              </value>
            </param>
            <param index="3">
              <value>
                <![CDATA[sam@1252]]>
              </value>
            </param>
          </params>
          <reporter-output>
          </reporter-output>
        </test-method> <!-- getExcelData -->
        <test-method status="PASS" signature="getExcelData(java.lang.String, java.lang.String, java.lang.String, java.lang.String)[pri:0, instance:com.test.DataDrivenTest@343f4d3d]" name="getExcelData" duration-ms="583" started-at="2021-01-07T20:45:25Z" data-provider="getdata" finished-at="2021-01-07T20:45:26Z">
          <params>
            <param index="0">
              <value>
                <![CDATA[dhanapal]]>
              </value>
            </param>
            <param index="1">
              <value>
                <![CDATA[sam]]>
              </value>
            </param>
            <param index="2">
              <value>
                <![CDATA[sam.dhan@gmail.com]]>
              </value>
            </param>
            <param index="3">
              <value>
                <![CDATA[sam@1253]]>
              </value>
            </param>
          </params>
          <reporter-output>
          </reporter-output>
        </test-method> <!-- getExcelData -->
        <test-method status="PASS" signature="getExcelData(java.lang.String, java.lang.String, java.lang.String, java.lang.String)[pri:0, instance:com.test.DataDrivenTest@343f4d3d]" name="getExcelData" duration-ms="627" started-at="2021-01-07T20:45:26Z" data-provider="getdata" finished-at="2021-01-07T20:45:27Z">
          <params>
            <param index="0">
              <value>
                <![CDATA[dhanapal]]>
              </value>
            </param>
            <param index="1">
              <value>
                <![CDATA[sam]]>
              </value>
            </param>
            <param index="2">
              <value>
                <![CDATA[sam.dhan@gmail.com]]>
              </value>
            </param>
            <param index="3">
              <value>
                <![CDATA[sam@1254]]>
              </value>
            </param>
          </params>
          <reporter-output>
          </reporter-output>
        </test-method> <!-- getExcelData -->
        <test-method status="PASS" signature="getExcelData(java.lang.String, java.lang.String, java.lang.String, java.lang.String)[pri:0, instance:com.test.DataDrivenTest@343f4d3d]" name="getExcelData" duration-ms="584" started-at="2021-01-07T20:45:27Z" data-provider="getdata" finished-at="2021-01-07T20:45:27Z">
          <params>
            <param index="0">
              <value>
                <![CDATA[dhanapal]]>
              </value>
            </param>
            <param index="1">
              <value>
                <![CDATA[sam]]>
              </value>
            </param>
            <param index="2">
              <value>
                <![CDATA[sam.dhan@gmail.com]]>
              </value>
            </param>
            <param index="3">
              <value>
                <![CDATA[sam@1255]]>
              </value>
            </param>
          </params>
          <reporter-output>
          </reporter-output>
        </test-method> <!-- getExcelData -->
        <test-method status="PASS" signature="getExcelData(java.lang.String, java.lang.String, java.lang.String, java.lang.String)[pri:0, instance:com.test.DataDrivenTest@343f4d3d]" name="getExcelData" duration-ms="579" started-at="2021-01-07T20:45:27Z" data-provider="getdata" finished-at="2021-01-07T20:45:28Z">
          <params>
            <param index="0">
              <value>
                <![CDATA[dhanapal]]>
              </value>
            </param>
            <param index="1">
              <value>
                <![CDATA[sam]]>
              </value>
            </param>
            <param index="2">
              <value>
                <![CDATA[sam.dhan@gmail.com]]>
              </value>
            </param>
            <param index="3">
              <value>
                <![CDATA[sam@1256]]>
              </value>
            </param>
          </params>
          <reporter-output>
          </reporter-output>
        </test-method> <!-- getExcelData -->
        <test-method status="PASS" signature="getExcelData(java.lang.String, java.lang.String, java.lang.String, java.lang.String)[pri:0, instance:com.test.DataDrivenTest@343f4d3d]" name="getExcelData" duration-ms="566" started-at="2021-01-07T20:45:28Z" data-provider="getdata" finished-at="2021-01-07T20:45:28Z">
          <params>
            <param index="0">
              <value>
                <![CDATA[dhanapal]]>
              </value>
            </param>
            <param index="1">
              <value>
                <![CDATA[sam]]>
              </value>
            </param>
            <param index="2">
              <value>
                <![CDATA[sam.dhan@gmail.com]]>
              </value>
            </param>
            <param index="3">
              <value>
                <![CDATA[sam@1257]]>
              </value>
            </param>
          </params>
          <reporter-output>
          </reporter-output>
        </test-method> <!-- getExcelData -->
        <test-method status="PASS" signature="getExcelData(java.lang.String, java.lang.String, java.lang.String, java.lang.String)[pri:0, instance:com.test.DataDrivenTest@343f4d3d]" name="getExcelData" duration-ms="547" started-at="2021-01-07T20:45:28Z" data-provider="getdata" finished-at="2021-01-07T20:45:29Z">
          <params>
            <param index="0">
              <value>
                <![CDATA[dhanapal]]>
              </value>
            </param>
            <param index="1">
              <value>
                <![CDATA[sam]]>
              </value>
            </param>
            <param index="2">
              <value>
                <![CDATA[sam.dhan@gmail.com]]>
              </value>
            </param>
            <param index="3">
              <value>
                <![CDATA[sam@1258]]>
              </value>
            </param>
          </params>
          <reporter-output>
          </reporter-output>
        </test-method> <!-- getExcelData -->
        <test-method status="PASS" signature="getExcelData(java.lang.String, java.lang.String, java.lang.String, java.lang.String)[pri:0, instance:com.test.DataDrivenTest@343f4d3d]" name="getExcelData" duration-ms="599" started-at="2021-01-07T20:45:29Z" data-provider="getdata" finished-at="2021-01-07T20:45:30Z">
          <params>
            <param index="0">
              <value>
                <![CDATA[dhanapal]]>
              </value>
            </param>
            <param index="1">
              <value>
                <![CDATA[sam]]>
              </value>
            </param>
            <param index="2">
              <value>
                <![CDATA[sam.dhan@gmail.com]]>
              </value>
            </param>
            <param index="3">
              <value>
                <![CDATA[sam@1259]]>
              </value>
            </param>
          </params>
          <reporter-output>
          </reporter-output>
        </test-method> <!-- getExcelData -->
        <test-method status="PASS" signature="getExcelData(java.lang.String, java.lang.String, java.lang.String, java.lang.String)[pri:0, instance:com.test.DataDrivenTest@343f4d3d]" name="getExcelData" duration-ms="560" started-at="2021-01-07T20:45:30Z" data-provider="getdata" finished-at="2021-01-07T20:45:30Z">
          <params>
            <param index="0">
              <value>
                <![CDATA[dhanapal]]>
              </value>
            </param>
            <param index="1">
              <value>
                <![CDATA[sam]]>
              </value>
            </param>
            <param index="2">
              <value>
                <![CDATA[sam.dhan@gmail.com]]>
              </value>
            </param>
            <param index="3">
              <value>
                <![CDATA[sam@1260]]>
              </value>
            </param>
          </params>
          <reporter-output>
          </reporter-output>
        </test-method> <!-- getExcelData -->
        <test-method status="PASS" signature="getExcelData(java.lang.String, java.lang.String, java.lang.String, java.lang.String)[pri:0, instance:com.test.DataDrivenTest@343f4d3d]" name="getExcelData" duration-ms="539" started-at="2021-01-07T20:45:30Z" data-provider="getdata" finished-at="2021-01-07T20:45:31Z">
          <params>
            <param index="0">
              <value>
                <![CDATA[dhanapal]]>
              </value>
            </param>
            <param index="1">
              <value>
                <![CDATA[sam]]>
              </value>
            </param>
            <param index="2">
              <value>
                <![CDATA[sam.dhan@gmail.com]]>
              </value>
            </param>
            <param index="3">
              <value>
                <![CDATA[sam@1261]]>
              </value>
            </param>
          </params>
          <reporter-output>
          </reporter-output>
        </test-method> <!-- getExcelData -->
        <test-method status="PASS" signature="getExcelData(java.lang.String, java.lang.String, java.lang.String, java.lang.String)[pri:0, instance:com.test.DataDrivenTest@343f4d3d]" name="getExcelData" duration-ms="530" started-at="2021-01-07T20:45:31Z" data-provider="getdata" finished-at="2021-01-07T20:45:31Z">
          <params>
            <param index="0">
              <value>
                <![CDATA[dhanapal]]>
              </value>
            </param>
            <param index="1">
              <value>
                <![CDATA[sam]]>
              </value>
            </param>
            <param index="2">
              <value>
                <![CDATA[sam.dhan@gmail.com]]>
              </value>
            </param>
            <param index="3">
              <value>
                <![CDATA[sam@1262]]>
              </value>
            </param>
          </params>
          <reporter-output>
          </reporter-output>
        </test-method> <!-- getExcelData -->
        <test-method status="PASS" signature="teardown()[pri:0, instance:com.test.DataDrivenTest@343f4d3d]" name="teardown" is-config="true" duration-ms="150" started-at="2021-01-07T20:45:31Z" finished-at="2021-01-07T20:45:31Z">
          <reporter-output>
          </reporter-output>
        </test-method> <!-- teardown -->
      </class> <!-- com.test.DataDrivenTest -->
    </test> <!-- Default test -->
  </suite> <!-- Default suite -->
</testng-results>
